

HI-TECH Software 8051 Macro Assembler V9.60                                Page 1
                                                       Wed Apr 20 15:23:16 2022

     1                           	psect	idata,class=DATA,space=1,limit=080h
     2                           	psect	irdata,class=DATA,limit=080h
     3                           	global	_main
     4                           	signat	_main,88
     5                           	global	stack_internal
     6                           	psect	text,class=CODE
     7                           	psect	text
     8                           	file	"D:\71C7~1\9C9E~1\3248DC~1\CEB0~1\52904~1\
                                 u3\project1\main.c"
     9                           	line	4
    10  0010C                     _main:
    11  0010C  02 0214            	j	f1411
    12  0010F                     f1410:
    13                           ;main.c: 3: void main()
    14                           
    15                           ;main.c: 4: {
    16                           
    17                           	psect	data,class=CODE
    18                           	psect	data
    19  00100                     F157:
    20  00100  31                 	db	(49)
    21  00101  32                 	db	(50)
    22  00102  33                 	db	(51)
    23  00103  34                 	db	(52)
    24  00104  35                 	db	(53)
    25  00105  36                 	db	(54)
    26  00106  37                 	db	(55)
    27  00107  38                 	db	(56)
    28  00108  39                 	db	(57)
    29  00109  41                 	db	(65)
    30  0010A  30                 	db	(48)
    31  0010B  43                 	db	(67)
    32                           ;	var   _symbol assigned to ?a_main+0
    33                           ;main.c: 5: char symbol[4][3]={{'1','2','3'},
    34                           
    35                           ;main.c: 6: {'4','5','6'},
    36                           
    37                           ;main.c: 7: {'7','8','9'},
    38                           
    39                           ;main.c: 8: {'A','0','C'}};
    40                           
    41                           	psect	text
    42                           	line	8
    43  0010F  78 01              	mov	r0,#high (F157)
    44  00111  79 00              	mov	r1,#low (F157)
    45  00113  7A 00              	mov	r2,#high (?a_main+0)
    46  00115  7B 20              	mov	r3,#low (?a_main+0)
    47  00117  7D 0C              	mov	r5,#low 12
    48  00119  7C 00              	mov	r4,#high 12
    49                           	global	str_copy
    50  0011B  12 0019            	lcall	str_copy
    51                           ;	var   _i assigned to ?a_main+12
    52                           ;main.c: 9: int i = 0;
    53                           
    54                           	line	9
    55  0011E  E4                 	clr	a
    56  0011F  F5 2C              	mov	?a_main+12,a
    57  00121  F5 2D              	mov	?a_main+12+1,a
    58                           ;main.c: 10: P0 = 0x38;
    59                           
    60                           	line	10
    61  00123  75 80 38           	mov	080h,#56
    62                           ;main.c: 11: P2 = 0x1;
    63                           
    64                           	line	11
    65  00126  75 A0 01           	mov	0A0h,#1
    66                           ;main.c: 12: P2 = 0x0;
    67                           
    68                           	line	12
    69  00129  75 A0 00           	mov	0A0h,#0
    70                           ;main.c: 13: P0 = 0x80;
    71                           
    72                           	line	13
    73  0012C  75 80 80           	mov	080h,#128
    74                           ;main.c: 14: P2 = 0x1;
    75                           
    76                           	line	14
    77  0012F  75 A0 01           	mov	0A0h,#1
    78                           ;main.c: 15: P2 = 0x0;
    79                           
    80                           	line	15
    81  00132  75 A0 00           	mov	0A0h,#0
    82                           ;main.c: 17: while(1){
    83                           
    84                           	line	17
    85  00135                     l5:
    86                           ;main.c: 19: P10 = 0;
    87                           
    88                           	line	19
    89  00135  C2 90              	clr	p1.0
    90                           ;main.c: 20: if(P14 == 0){ P0 = symbol[0][2]; P2
                                  = 0x3; P2 = 0x2;}
    91                           
    92                           	line	20
    93  00137  20 94 02           	bb	p1.4, u11
    94  0013A  80 02              	jmp	u10
    95  0013C                     u11:
    96  0013C  80 0A              	jmp	l7
    97  0013E                     u10:
    98  0013E  79 22              	mov	r1,#?a_main+0+02h
    99  00140  87 80              	mov	080h,@r1
   100  00142  75 A0 03           	mov	0A0h,#3
   101  00145  75 A0 02           	mov	0A0h,#2
   102  00148                     l7:
   103                           ;main.c: 21: if(P15 == 0){ P0 = symbol[0][1]; P2
                                  = 0x3; P2 = 0x2;}
   104                           
   105                           	line	21
   106  00148  20 95 02           	bb	p1.5, u21
   107  0014B  80 02              	jmp	u20
   108  0014D                     u21:
   109  0014D  80 0A              	jmp	l8
   110  0014F                     u20:
   111  0014F  79 21              	mov	r1,#?a_main+0+01h
   112  00151  87 80              	mov	080h,@r1
   113  00153  75 A0 03           	mov	0A0h,#3
   114  00156  75 A0 02           	mov	0A0h,#2
   115  00159                     l8:
   116                           ;main.c: 22: if(P16 == 0){ P0 = symbol[0][0]; P2
                                  = 0x3; P2 = 0x2;}
   117                           
   118                           	line	22
   119  00159  20 96 02           	bb	p1.6, u31
   120  0015C  80 02              	jmp	u30
   121  0015E                     u31:
   122  0015E  80 0A              	jmp	l9
   123  00160                     u30:
   124  00160  79 20              	mov	r1,#?a_main+0
   125  00162  87 80              	mov	080h,@r1
   126  00164  75 A0 03           	mov	0A0h,#3
   127  00167  75 A0 02           	mov	0A0h,#2
   128  0016A                     l9:
   129                           ;main.c: 23: P10 = 1;
   130                           
   131                           	line	23
   132  0016A  D2 90              	setb	p1.0
   133                           ;main.c: 25: P11 = 0;
   134                           
   135                           	line	25
   136  0016C  C2 91              	clr	p1.1
   137                           ;main.c: 26: if(P14 == 0){ P0 = symbol[1][2]; P2
                                  = 0x3; P2 = 0x2;}
   138                           
   139                           	line	26
   140  0016E  20 94 02           	bb	p1.4, u41
   141  00171  80 02              	jmp	u40
   142  00173                     u41:
   143  00173  80 0A              	jmp	l10
   144  00175                     u40:
   145  00175  79 25              	mov	r1,#?a_main+0+05h
   146  00177  87 80              	mov	080h,@r1
   147  00179  75 A0 03           	mov	0A0h,#3
   148  0017C  75 A0 02           	mov	0A0h,#2
   149  0017F                     l10:
   150                           ;main.c: 27: if(P15 == 0){ P0 = symbol[1][1]; P2
                                  = 0x3; P2 = 0x2;}
   151                           
   152                           	line	27
   153  0017F  20 95 02           	bb	p1.5, u51
   154  00182  80 02              	jmp	u50
   155  00184                     u51:
   156  00184  80 0A              	jmp	l11
   157  00186                     u50:
   158  00186  79 24              	mov	r1,#?a_main+0+04h
   159  00188  87 80              	mov	080h,@r1
   160  0018A  75 A0 03           	mov	0A0h,#3
   161  0018D  75 A0 02           	mov	0A0h,#2
   162  00190                     l11:
   163                           ;main.c: 28: if(P16 == 0){ P0 = symbol[1][0]; P2
                                  = 0x3; P2 = 0x2;}
   164                           
   165                           	line	28
   166  00190  20 96 02           	bb	p1.6, u61
   167  00193  80 02              	jmp	u60
   168  00195                     u61:
   169  00195  80 0A              	jmp	l12
   170  00197                     u60:
   171  00197  79 23              	mov	r1,#?a_main+0+03h
   172  00199  87 80              	mov	080h,@r1
   173  0019B  75 A0 03           	mov	0A0h,#3
   174  0019E  75 A0 02           	mov	0A0h,#2
   175  001A1                     l12:
   176                           ;main.c: 29: P11 = 1;
   177                           
   178                           	line	29
   179  001A1  D2 91              	setb	p1.1
   180                           ;main.c: 31: P12 = 0;
   181                           
   182                           	line	31
   183  001A3  C2 92              	clr	p1.2
   184                           ;main.c: 32: if(P14 == 0){ P0 = symbol[2][2]; P2
                                  = 0x3; P2 = 0x2;}
   185                           
   186                           	line	32
   187  001A5  20 94 02           	bb	p1.4, u71
   188  001A8  80 02              	jmp	u70
   189  001AA                     u71:
   190  001AA  80 0A              	jmp	l13
   191  001AC                     u70:
   192  001AC  79 28              	mov	r1,#?a_main+0+08h
   193  001AE  87 80              	mov	080h,@r1
   194  001B0  75 A0 03           	mov	0A0h,#3
   195  001B3  75 A0 02           	mov	0A0h,#2
   196  001B6                     l13:
   197                           ;main.c: 33: if(P15 == 0){ P0 = symbol[2][1]; P2
                                  = 0x3; P2 = 0x2;}
   198                           
   199                           	line	33
   200  001B6  20 95 02           	bb	p1.5, u81
   201  001B9  80 02              	jmp	u80
   202  001BB                     u81:
   203  001BB  80 0A              	jmp	l14
   204  001BD                     u80:
   205  001BD  79 27              	mov	r1,#?a_main+0+07h
   206  001BF  87 80              	mov	080h,@r1
   207  001C1  75 A0 03           	mov	0A0h,#3
   208  001C4  75 A0 02           	mov	0A0h,#2
   209  001C7                     l14:
   210                           ;main.c: 34: if(P16 == 0){ P0 = symbol[2][0]; P2
                                  = 0x3; P2 = 0x2;}
   211                           
   212                           	line	34
   213  001C7  20 96 02           	bb	p1.6, u91
   214  001CA  80 02              	jmp	u90
   215  001CC                     u91:
   216  001CC  80 0A              	jmp	l15
   217  001CE                     u90:
   218  001CE  79 26              	mov	r1,#?a_main+0+06h
   219  001D0  87 80              	mov	080h,@r1
   220  001D2  75 A0 03           	mov	0A0h,#3
   221  001D5  75 A0 02           	mov	0A0h,#2
   222  001D8                     l15:
   223                           ;main.c: 35: P12 = 1;
   224                           
   225                           	line	35
   226  001D8  D2 92              	setb	p1.2
   227                           ;main.c: 37: P13 = 0;
   228                           
   229                           	line	37
   230  001DA  C2 93              	clr	p1.3
   231                           ;main.c: 38: if(P14 == 0){ P0 = symbol[3][2]; P2
                                  = 0x3; P2 = 0x2;}
   232                           
   233                           	line	38
   234  001DC  20 94 02           	bb	p1.4, u101
   235  001DF  80 02              	jmp	u100
   236  001E1                     u101:
   237  001E1  80 0A              	jmp	l16
   238  001E3                     u100:
   239  001E3  79 2B              	mov	r1,#?a_main+0+0Bh
   240  001E5  87 80              	mov	080h,@r1
   241  001E7  75 A0 03           	mov	0A0h,#3
   242  001EA  75 A0 02           	mov	0A0h,#2
   243  001ED                     l16:
   244                           ;main.c: 39: if(P15 == 0){ P0 = symbol[3][1]; P2
                                  = 0x3; P2 = 0x2;}
   245                           
   246                           	line	39
   247  001ED  20 95 02           	bb	p1.5, u111
   248  001F0  80 02              	jmp	u110
   249  001F2                     u111:
   250  001F2  80 0A              	jmp	l17
   251  001F4                     u110:
   252  001F4  79 2A              	mov	r1,#?a_main+0+0Ah
   253  001F6  87 80              	mov	080h,@r1
   254  001F8  75 A0 03           	mov	0A0h,#3
   255  001FB  75 A0 02           	mov	0A0h,#2
   256  001FE                     l17:
   257                           ;main.c: 40: if(P16 == 0){ P0=0x1;P2=0x1;P2=0x0;
                                 }
   258                           
   259                           	line	40
   260  001FE  20 96 02           	bb	p1.6, u121
   261  00201  80 02              	jmp	u120
   262  00203                     u121:
   263  00203  80 09              	jmp	l18
   264  00205                     u120:
   265  00205  75 80 01           	mov	080h,#1
   266  00208  75 A0 01           	mov	0A0h,#1
   267  0020B  75 A0 00           	mov	0A0h,#0
   268  0020E                     l18:
   269                           ;main.c: 41: P13 = 1;
   270                           
   271                           	line	41
   272  0020E  D2 93              	setb	p1.3
   273                           	line	46
   274  00210                     l4:
   275                           	line	17
   276  00210  02 0135            	jmp	l5
   277  00213                     l6:
   278                           ;main.c: 46: }
   279                           
   280                           ;main.c: 47: }
   281                           
   282                           	line	47
   283  00213                     l3:
   284  00213  22                 	ret
   285  00214                     f1411:
   286  00214  02 010F            	j	f1410
   287                           	FNSIZE	_main,14,0
   288                           	global	?a_main
   289  0000                     f1412	equ	0
   290  0000                     _A10	equ	162
   291  0000                     _A11	equ	163
   292  0000                     _A12	equ	164
   293  0000                     _A13	equ	165
   294  0000                     _A14	equ	166
   295  0000                     _A15	equ	167
   296  0000                     _A8	equ	160
   297  0000                     _A9	equ	161
   298  0000                     _AC	equ	214
   299  0000                     _ACC0	equ	224
   300  0000                     _ACC1	equ	225
   301  0000                     _ACC2	equ	226
   302  0000                     _ACC3	equ	227
   303  0000                     _ACC4	equ	228
   304  0000                     _ACC5	equ	229
   305  0000                     _ACC6	equ	230
   306  0000                     _ACC7	equ	231
   307  0000                     _AD0	equ	128
   308  0000                     _AD1	equ	129
   309  0000                     _AD2	equ	130
   310  0000                     _AD3	equ	131
   311  0000                     _AD4	equ	132
   312  0000                     _AD5	equ	133
   313  0000                     _AD6	equ	134
   314  0000                     _AD7	equ	135
   315  0000                     _B0	equ	240
   316  0000                     _B1	equ	241
   317  0000                     _B2	equ	242
   318  0000                     _B3	equ	243
   319  0000                     _B4	equ	244
   320  0000                     _B5	equ	245
   321  0000                     _B6	equ	246
   322  0000                     _B7	equ	247
   323  0000                     _CY	equ	215
   324  0000                     _EA	equ	175
   325  0000                     _ES	equ	172
   326  0000                     _ET0	equ	169
   327  0000                     _ET1	equ	171
   328  0000                     _EX0	equ	168
   329  0000                     _EX1	equ	170
   330  0000                     _F0	equ	213
   331  0000                     _IE0	equ	137
   332  0000                     _IE1	equ	139
   333  0000                     _INT0	equ	178
   334  0000                     _INT1	equ	179
   335  0000                     _IT0	equ	136
   336  0000                     _IT1	equ	138
   337  0000                     _OV	equ	210
   338  0000                     _P	equ	208
   339  0000                     _P00	equ	128
   340  0000                     _P01	equ	129
   341  0000                     _P02	equ	130
   342  0000                     _P03	equ	131
   343  0000                     _P04	equ	132
   344  0000                     _P05	equ	133
   345  0000                     _P06	equ	134
   346  0000                     _P07	equ	135
   347  0000                     _P10	equ	144
   348  0000                     _P11	equ	145
   349  0000                     _P12	equ	146
   350  0000                     _P13	equ	147
   351  0000                     _P14	equ	148
   352  0000                     _P15	equ	149
   353  0000                     _P16	equ	150
   354  0000                     _P17	equ	151
   355  0000                     _P20	equ	160
   356  0000                     _P21	equ	161
   357  0000                     _P22	equ	162
   358  0000                     _P23	equ	163
   359  0000                     _P24	equ	164
   360  0000                     _P25	equ	165
   361  0000                     _P26	equ	166
   362  0000                     _P27	equ	167
   363  0000                     _P30	equ	176
   364  0000                     _P31	equ	177
   365  0000                     _P32	equ	178
   366  0000                     _P33	equ	179
   367  0000                     _P34	equ	180
   368  0000                     _P35	equ	181
   369  0000                     _P36	equ	182
   370  0000                     _P37	equ	183
   371  0000                     _PS	equ	188
   372  0000                     _PT0	equ	185
   373  0000                     _PT1	equ	187
   374  0000                     _PX0	equ	184
   375  0000                     _PX1	equ	186
   376  0000                     _RB8	equ	154
   377  0000                     _RD	equ	183
   378  0000                     _REN	equ	156
   379  0000                     _RI	equ	152
   380  0000                     _RS0	equ	211
   381  0000                     _RS1	equ	212
   382  0000                     _RXD	equ	176
   383  0000                     _SM0	equ	159
   384  0000                     _SM1	equ	158
   385  0000                     _SM2	equ	157
   386  0000                     _T0	equ	180
   387  0000                     _T1	equ	181
   388  0000                     _TB8	equ	155
   389  0000                     _TF0	equ	141
   390  0000                     _TF1	equ	143
   391  0000                     _TI	equ	153
   392  0000                     _TR0	equ	140
   393  0000                     _TR1	equ	142
   394  0000                     _TXD	equ	177
   395  0000                     _WR	equ	182
   396  0000                     _ACC	equ	224
   397  0000                     _B	equ	240
   398  0000                     _DPH	equ	131
   399  0000                     _DPL	equ	130
   400  0000                     _IE	equ	168
   401  0000                     _IP	equ	184
   402  0000                     _P0	equ	128
   403  0000                     _P1	equ	144
   404  0000                     _P2	equ	160
   405  0000                     _P3	equ	176
   406  0000                     _PCON	equ	135
   407  0000                     _PSW	equ	208
   408  0000                     _SBUF	equ	153
   409  0000                     _SCON	equ	152
   410  0000                     _SP	equ	129
   411  0000                     _TCON	equ	136
   412  0000                     _TH0	equ	140
   413  0000                     _TH1	equ	141
   414  0000                     _TL0	equ	138
   415  0000                     _TL1	equ	139
   416  0000                     _TMOD	equ	137
   417  0000                     _ACC_BITS	equ	224
   418  0000                     _B_BITS	equ	240
   419  0000                     _IE_BITS	equ	168
   420  0000                     _IP_BITS	equ	184
   421  0000                     _P0_BITS	equ	128
   422  0000                     _P1_BITS	equ	144
   423  0000                     _P2_BITS	equ	160
   424  0000                     _P3_BITS	equ	176
   425  0000                     _PCON_BITS	equ	135
   426  0000                     _PSW_BITS	equ	208
   427  0000                     _SCON_BITS	equ	152
   428  0000                     _TCON_BITS	equ	136
   429  0000                     _TMOD_BITS	equ	137


HI-TECH Software 8051 Macro Assembler V9.60                                Page 2
Symbol Table                                           Wed Apr 20 15:23:16 2022

       ?a_main 00020              _B 000F0              l3 00213  
            l4 00210              l5 00135              _P 000D0  
            l6 00213              l7 00148              l8 00159  
            l9 0016A             _B0 000F0             _B1 000F1  
           _B2 000F2             _B3 000F3             _B4 000F4  
           _B5 000F5             _B6 000F6             _A8 000A0  
           _B7 000F7             _A9 000A1             _F0 000D5  
           _AC 000D6             l10 0017F             l11 00190  
           l12 001A1             l13 001B6             l14 001C7  
           _EA 000AF             l15 001D8             l16 001ED  
           l17 001FE             l18 0020E             _P0 00080  
           _P1 00090             _P2 000A0             _P3 000B0  
           _IE 000A8             _T0 000B4             _T1 000B5  
           _ES 000AC             _CY 000D7             _IP 000B8  
           _RD 000B7             u10 0013E             u11 0013C  
           u20 0014F             _RI 00098             u21 0014D  
           u30 00160             u31 0015E             u40 00175  
           _TI 00099             u41 00173             u50 00186  
           _PS 000BC             u51 00184             _OV 000D2  
           u60 00197             u61 00195             _SP 00081  
           u70 001AC             u71 001AA             u80 001BD  
           u81 001BB             u90 001CE             u91 001CC  
           _WR 000B6         _B_BITS 000F0            F157 00100  
          _A10 000A2            _A11 000A3            _A12 000A4  
          _A13 000A5            _A14 000A6            _A15 000A7  
          _AD0 00080            _AD1 00081            _AD2 00082  
          _AD3 00083            _AD4 00084            _AD5 00085  
          _AD6 00086            _AD7 00087            _ACC 000E0  
          _P00 00080            _P01 00081            _P10 00090  
          _P02 00082            _P11 00091            _P03 00083  
          _P20 000A0            _P12 00092            _P04 00084  
          _P21 000A1            _P13 00093            _P05 00085  
          _P30 000B0            _P22 000A2            _P14 00094  
          _P06 00086            _P31 000B1            _P23 000A3  
          _P15 00095            _P07 00087            _P32 000B2  
          _P24 000A4            _P16 00096            _P33 000B3  
          _P25 000A5            _P17 00097            _P34 000B4  
          _P26 000A6            _P35 000B5            _P27 000A7  
          _P36 000B6            _P37 000B7            _IE0 00089  
          _IE1 0008B            _ET0 000A9            _ET1 000AB  
          _EX0 000A8            _EX1 000AA            _DPH 00083  
          _DPL 00082            _IT0 00088            _IT1 0008A  
          _RB8 0009A            u100 001E3            u101 001E1  
          u110 001F4            u111 001F2            u120 00205  
          u121 00203            _TF0 0008D            _TB8 0009B  
          _TF1 0008F            _TH0 0008C            _TH1 0008D  
          _SM0 0009F            _SM1 0009E            _TL0 0008A  
          _SM2 0009D            _PT0 000B9            _TL1 0008B  
          _PT1 000BB            _RS0 000D3            _RS1 000D4  
          _REN 0009C            _PX0 000B8            _PX1 000BA  
          _TR0 0008C            _TR1 0008E            _RXD 000B0  
          _PSW 000D0            _TXD 000B1        _P0_BITS 00080  
      _P1_BITS 00090        _P2_BITS 000A0        _P3_BITS 000B0  
      _IE_BITS 000A8       _ACC_BITS 000E0        _IP_BITS 000B8  
         f1410 0010F           f1411 00214           f1412 00000  
         _ACC0 000E0           _ACC1 000E1           _ACC2 000E2  
         _ACC3 000E3           _ACC4 000E4           _ACC5 000E5  
         _ACC6 000E6           _ACC7 000E7  stack_internal 00001  
         _INT0 000B2           _INT1 000B3           _PCON 00087  
         _SCON 00098           _SBUF 00099           _TCON 00088  
         _TMOD 00089           _main 0010C       _PSW_BITS 000D0  
    _PCON_BITS 00087      _SCON_BITS 00098      _TCON_BITS 00088  
      str_copy 00019      _TMOD_BITS 00089  
